{"logLevel":"debug","message":"multithreading is set to false"}
{"logLevel":"debug","message":"Using reflection to scan dependencies for gauge implementations..."}
log4j:WARN No appenders could be found for logger (io.grpc.netty.shaded.io.netty.util.internal.logging.InternalLoggerFactory).
log4j:WARN Please initialize the log4j system properly.
log4j:WARN See http://logging.apache.org/log4j/1.2/faq.html#noconfig for more info.
{"logLevel":"debug","message":"gauge-java took 613milliseconds to load and scan. This should be less than 'runner_connection_timeout' config value."}
{"logLevel":"debug","message":"run 'gauge config runner_connection_timeout' and verify that it is < 613"}
{"logLevel":"debug","message":"starting gRPC server..."}
{"logLevel":"debug","message":"started gRPC server on port 53640"}
{"logLevel":"info","message":"Listening on port:53640"}
{"logLevel":"debug","message":"Scanning packages for steps"}
{"logLevel":"debug","message":"Comparing 'HomePage.goToBookFlightById' and 'HomePage.goToBookFlightById'"}
{"logLevel":"debug","message":"Found {} id'li elemana tıkla ve bilet al sayfasına git in current project scope."}
{"logLevel":"debug","message":"Comparing 'HomePage.acceptById' and 'HomePage.acceptById'"}
{"logLevel":"debug","message":"Found Sayfa güncellemesi için {} sn bekle in current project scope."}
{"logLevel":"debug","message":"Comparing 'HomePage.acceptById' and 'HomePage.acceptById'"}
{"logLevel":"debug","message":"Found {} id'li elemana tıkla ve izni kabul et in current project scope."}
{"logLevel":"debug","message":"Scanning packages for hooks"}
{"logLevel":"debug","message":"Scanned steps (using static parsing + reflections): "}
{"logLevel":"debug","message":"\tSayfa güncellemesi için {} sn bekle : public void acceptById(ınt second)"}
{"logLevel":"debug","message":"\t{} id'li elemana tıkla ve bilet al sayfasına git : public void goToBookFlightById(String key)"}
{"logLevel":"debug","message":"\t{} id'li elemana tıkla ve izni kabul et : public void acceptById(String key)"}
!!!!!!!!!!!!!!!!!!!!!!!!!!!Test baslıyor!!!!!!!!!!!!!!!!!!!!!!!!!!!!!
!!!!!!!!!!!!!!!!!!!!!!!!!!!!!!!!!!!!
Haz 15, 2021 4:19:25 PM io.appium.java_client.remote.AppiumCommandExecutor$1 lambda$0
INFO: Detected dialect: W3C
{"logLevel":"debug","message":"Executing 'Sayfa güncellemesi için {} sn bekle' using 'class HomePage.acceptById"}
{"logLevel":"debug","message":"Executing '{} id'li elemana tıkla ve izni kabul et' using 'class HomePage.acceptById"}
{"logLevel":"debug","message":"Executing 'Sayfa güncellemesi için {} sn bekle' using 'class HomePage.acceptById"}
{"logLevel":"debug","message":"Executing '{} id'li elemana tıkla ve izni kabul et' using 'class HomePage.acceptById"}
{"logLevel":"debug","message":"Executing 'Sayfa güncellemesi için {} sn bekle' using 'class HomePage.acceptById"}
{"logLevel":"debug","message":"Executing '{} id'li elemana tıkla ve bilet al sayfasına git' using 'class HomePage.goToBookFlightById"}
{"logLevel":"debug","message":"Killing Java runner..."}
{"logLevel":"debug","message":"Stopping execution pool..."}
{"logLevel":"debug","message":"Shutting down grpc server..."}
{"logLevel":"debug","message":"Runner killed gracefully."}
